[2018-12-03 09:41:17.174] [exthost1] [info] extension host started
[2018-12-03 09:41:17.206] [exthost1] [info] extension host started
[2018-12-03 09:41:17.230] [exthost1] [info] ExtensionService#_doActivateExtension vscode.debug-auto-launch {"startup":true,"activationEvent":"*"}
[2018-12-03 09:41:17.230] [exthost1] [info] ExtensionService#loadCommonJSModule c:\Users\Bethel_laptop\.codemix\engine\resources\app\extensions\debug-auto-launch\out\extension
[2018-12-03 09:41:17.241] [exthost1] [info] ExtensionService#_doActivateExtension vscode.emmet {"startup":true,"activationEvent":"*"}
[2018-12-03 09:41:17.241] [exthost1] [info] ExtensionService#loadCommonJSModule c:\Users\Bethel_laptop\.codemix\engine\resources\app\extensions\emmet\dist\extension
[2018-12-03 09:41:17.295] [exthost1] [info] ExtensionService#_doActivateExtension vscode.merge-conflict {"startup":true,"activationEvent":"*"}
[2018-12-03 09:41:17.295] [exthost1] [info] ExtensionService#loadCommonJSModule c:\Users\Bethel_laptop\.codemix\engine\resources\app\extensions\merge-conflict\out\extension
[2018-12-03 09:41:17.344] [exthost1] [info] ExtensionService#_doActivateExtension vscode.search-rg {"startup":true,"activationEvent":"*"}
[2018-12-03 09:41:17.344] [exthost1] [info] ExtensionService#loadCommonJSModule c:\Users\Bethel_laptop\.codemix\engine\resources\app\extensions\search-rg\out\extension
[2018-12-03 09:41:17.369] [exthost1] [info] ExtensionService#_doActivateExtension christian-kohler.path-intellisense {"startup":true,"activationEvent":"*"}
[2018-12-03 09:41:17.369] [exthost1] [info] ExtensionService#loadCommonJSModule C:\Users\Bethel_laptop\.codemix\extensions\christian-kohler.path-intellisense-1.4.2\out\src\extension
[2018-12-03 09:41:17.418] [exthost1] [info] ExtensionService#_doActivateExtension dbaeumer.vscode-eslint {"startup":true,"activationEvent":"*"}
[2018-12-03 09:41:17.418] [exthost1] [info] ExtensionService#loadCommonJSModule C:\Users\Bethel_laptop\.codemix\extensions\dbaeumer.vscode-eslint-1.4.10\client\out\extension
[2018-12-03 09:41:17.674] [exthost1] [info] ExtensionService#_doActivateExtension formulahendry.auto-close-tag {"startup":true,"activationEvent":"*"}
[2018-12-03 09:41:17.674] [exthost1] [info] ExtensionService#loadCommonJSModule C:\Users\Bethel_laptop\.codemix\extensions\formulahendry.auto-close-tag-0.5.6\out\src\extension
[2018-12-03 09:41:17.679] [exthost1] [info] ExtensionService#_doActivateExtension HookyQR.beautify {"startup":true,"activationEvent":"*"}
[2018-12-03 09:41:17.679] [exthost1] [info] ExtensionService#loadCommonJSModule C:\Users\Bethel_laptop\.codemix\extensions\hookyqr.beautify-1.3.0\extension
[2018-12-03 09:41:17.884] [exthost1] [info] eager extensions activated
[2018-12-03 09:41:17.884] [exthost1] [info] ExtensionService#_doActivateExtension vscode.configuration-editing {"startup":false,"activationEvent":"onLanguage:jsonc"}
[2018-12-03 09:41:17.884] [exthost1] [info] ExtensionService#loadCommonJSModule c:\Users\Bethel_laptop\.codemix\engine\resources\app\extensions\configuration-editing\out\extension
[2018-12-03 09:41:17.932] [exthost1] [info] ExtensionService#_doActivateExtension vscode.json-language-features {"startup":false,"activationEvent":"onLanguage:jsonc"}
[2018-12-03 09:41:17.932] [exthost1] [info] ExtensionService#loadCommonJSModule c:\Users\Bethel_laptop\.codemix\engine\resources\app\extensions\json-language-features\client\dist\jsonMain
[2018-12-03 09:41:18.383] [exthost1] [info] ExtensionService#_doActivateExtension vscode.typescript-language-features {"startup":false,"activationEvent":"onLanguage:jsonc"}
[2018-12-03 09:41:18.383] [exthost1] [info] ExtensionService#loadCommonJSModule c:\Users\Bethel_laptop\.codemix\engine\resources\app\extensions\typescript-language-features\dist\extension
[2018-12-03 09:41:18.722] [exthost1] [info] ExtensionService#_doActivateExtension vscode.grunt {"startup":false,"activationEvent":"onCommand:workbench.action.tasks.runTask"}
[2018-12-03 09:41:18.722] [exthost1] [info] ExtensionService#loadCommonJSModule c:\Users\Bethel_laptop\.codemix\engine\resources\app\extensions\grunt\out\main
[2018-12-03 09:41:18.743] [exthost1] [info] ExtensionService#_doActivateExtension vscode.gulp {"startup":false,"activationEvent":"onCommand:workbench.action.tasks.runTask"}
[2018-12-03 09:41:18.743] [exthost1] [info] ExtensionService#loadCommonJSModule c:\Users\Bethel_laptop\.codemix\engine\resources\app\extensions\gulp\out\main
[2018-12-03 09:41:18.762] [exthost1] [info] ExtensionService#_doActivateExtension vscode.jake {"startup":false,"activationEvent":"onCommand:workbench.action.tasks.runTask"}
[2018-12-03 09:41:18.762] [exthost1] [info] ExtensionService#loadCommonJSModule c:\Users\Bethel_laptop\.codemix\engine\resources\app\extensions\jake\out\main
[2018-12-03 09:41:18.779] [exthost1] [info] ExtensionService#_doActivateExtension vscode.npm {"startup":false,"activationEvent":"onCommand:workbench.action.tasks.runTask"}
[2018-12-03 09:41:18.779] [exthost1] [info] ExtensionService#loadCommonJSModule c:\Users\Bethel_laptop\.codemix\engine\resources\app\extensions\npm\out\main
[2018-12-03 11:14:02.157] [exthost1] [info] extension host started
[2018-12-03 11:14:02.184] [exthost1] [info] ExtensionService#_doActivateExtension vscode.debug-auto-launch {"startup":true,"activationEvent":"*"}
[2018-12-03 11:14:02.185] [exthost1] [info] ExtensionService#loadCommonJSModule c:\Users\Bethel_laptop\.codemix\engine\resources\app\extensions\debug-auto-launch\out\extension
[2018-12-03 11:14:02.208] [exthost1] [info] ExtensionService#_doActivateExtension vscode.emmet {"startup":true,"activationEvent":"*"}
[2018-12-03 11:14:02.208] [exthost1] [info] ExtensionService#loadCommonJSModule c:\Users\Bethel_laptop\.codemix\engine\resources\app\extensions\emmet\dist\extension
[2018-12-03 11:14:02.283] [exthost1] [info] ExtensionService#_doActivateExtension vscode.merge-conflict {"startup":true,"activationEvent":"*"}
[2018-12-03 11:14:02.283] [exthost1] [info] ExtensionService#loadCommonJSModule c:\Users\Bethel_laptop\.codemix\engine\resources\app\extensions\merge-conflict\out\extension
[2018-12-03 11:14:02.331] [exthost1] [info] ExtensionService#_doActivateExtension vscode.search-rg {"startup":true,"activationEvent":"*"}
[2018-12-03 11:14:02.331] [exthost1] [info] ExtensionService#loadCommonJSModule c:\Users\Bethel_laptop\.codemix\engine\resources\app\extensions\search-rg\out\extension
[2018-12-03 11:14:02.356] [exthost1] [info] ExtensionService#_doActivateExtension christian-kohler.path-intellisense {"startup":true,"activationEvent":"*"}
[2018-12-03 11:14:02.356] [exthost1] [info] ExtensionService#loadCommonJSModule C:\Users\Bethel_laptop\.codemix\extensions\christian-kohler.path-intellisense-1.4.2\out\src\extension
[2018-12-03 11:14:02.412] [exthost1] [info] ExtensionService#_doActivateExtension dbaeumer.vscode-eslint {"startup":true,"activationEvent":"*"}
[2018-12-03 11:14:02.412] [exthost1] [info] ExtensionService#loadCommonJSModule C:\Users\Bethel_laptop\.codemix\extensions\dbaeumer.vscode-eslint-1.4.10\client\out\extension
[2018-12-03 11:14:02.586] [exthost1] [info] ExtensionService#_doActivateExtension formulahendry.auto-close-tag {"startup":true,"activationEvent":"*"}
[2018-12-03 11:14:02.586] [exthost1] [info] ExtensionService#loadCommonJSModule C:\Users\Bethel_laptop\.codemix\extensions\formulahendry.auto-close-tag-0.5.6\out\src\extension
[2018-12-03 11:14:02.591] [exthost1] [info] ExtensionService#_doActivateExtension HookyQR.beautify {"startup":true,"activationEvent":"*"}
[2018-12-03 11:14:02.591] [exthost1] [info] ExtensionService#loadCommonJSModule C:\Users\Bethel_laptop\.codemix\extensions\hookyqr.beautify-1.3.0\extension
[2018-12-03 11:14:02.742] [exthost1] [info] eager extensions activated
[2018-12-03 11:14:02.744] [exthost1] [info] ExtensionService#_doActivateExtension vscode.configuration-editing {"startup":false,"activationEvent":"onLanguage:jsonc"}
[2018-12-03 11:14:02.744] [exthost1] [info] ExtensionService#loadCommonJSModule c:\Users\Bethel_laptop\.codemix\engine\resources\app\extensions\configuration-editing\out\extension
[2018-12-03 11:14:02.779] [exthost1] [info] ExtensionService#_doActivateExtension vscode.json-language-features {"startup":false,"activationEvent":"onLanguage:jsonc"}
[2018-12-03 11:14:02.779] [exthost1] [info] ExtensionService#loadCommonJSModule c:\Users\Bethel_laptop\.codemix\engine\resources\app\extensions\json-language-features\client\dist\jsonMain
[2018-12-03 11:14:03.092] [exthost1] [info] ExtensionService#_doActivateExtension vscode.typescript-language-features {"startup":false,"activationEvent":"onLanguage:jsonc"}
[2018-12-03 11:14:03.092] [exthost1] [info] ExtensionService#loadCommonJSModule c:\Users\Bethel_laptop\.codemix\engine\resources\app\extensions\typescript-language-features\dist\extension
[2018-12-03 11:14:03.433] [exthost1] [info] ExtensionService#_doActivateExtension vscode.grunt {"startup":false,"activationEvent":"onCommand:workbench.action.tasks.runTask"}
[2018-12-03 11:14:03.433] [exthost1] [info] ExtensionService#loadCommonJSModule c:\Users\Bethel_laptop\.codemix\engine\resources\app\extensions\grunt\out\main
[2018-12-03 11:14:03.454] [exthost1] [info] ExtensionService#_doActivateExtension vscode.gulp {"startup":false,"activationEvent":"onCommand:workbench.action.tasks.runTask"}
[2018-12-03 11:14:03.454] [exthost1] [info] ExtensionService#loadCommonJSModule c:\Users\Bethel_laptop\.codemix\engine\resources\app\extensions\gulp\out\main
[2018-12-03 11:14:03.469] [exthost1] [info] ExtensionService#_doActivateExtension vscode.jake {"startup":false,"activationEvent":"onCommand:workbench.action.tasks.runTask"}
[2018-12-03 11:14:03.469] [exthost1] [info] ExtensionService#loadCommonJSModule c:\Users\Bethel_laptop\.codemix\engine\resources\app\extensions\jake\out\main
[2018-12-03 11:14:03.485] [exthost1] [info] ExtensionService#_doActivateExtension vscode.npm {"startup":false,"activationEvent":"onCommand:workbench.action.tasks.runTask"}
[2018-12-03 11:14:03.485] [exthost1] [info] ExtensionService#loadCommonJSModule c:\Users\Bethel_laptop\.codemix\engine\resources\app\extensions\npm\out\main
